# JRE version: OpenJDK Runtime Environment (8.0_152-b01) (build 1.8.0_152-release-915-b01)
# Java VM: OpenJDK 64-Bit Server VM (25.152-b01 mixed mode windows-amd64 compressed oops)
Heap:
 PSYoungGen      total 176640K, used 86201K [0x000000076ab00000, 0x0000000779000000, 0x00000007c0000000)
  eden space 131072K, 31% used [0x000000076ab00000,0x000000076d3a0918,0x0000000772b00000)
  from space 45568K, 97% used [0x0000000775c80000,0x000000077880db60,0x0000000778900000)
  to   space 50688K, 0% used [0x0000000772b00000,0x0000000772b00000,0x0000000775c80000)
 ParOldGen       total 219136K, used 73427K [0x00000006c0000000, 0x00000006cd600000, 0x000000076ab00000)
  object space 219136K, 33% used [0x00000006c0000000,0x00000006c47b4f88,0x00000006cd600000)
 Metaspace       used 6194K, capacity 7088K, committed 7296K, reserved 1056768K
  class space    used 592K, capacity 616K, committed 640K, reserved 1048576K
GC Heap History (10 events):
Event: 12.021 GC heap before
{Heap before GC invocations=11 (full 3):
 PSYoungGen      total 136192K, used 131072K [0x000000076ab00000, 0x0000000773500000, 0x00000007c0000000)
  eden space 131072K, 100% used [0x000000076ab00000,0x0000000772b00000,0x0000000772b00000)
  from space 5120K, 0% used [0x0000000772b00000,0x0000000772b00000,0x0000000773000000)
  to   space 5120K, 0% used [0x0000000773000000,0x0000000773000000,0x0000000773500000)
 ParOldGen       total 219136K, used 55547K [0x00000006c0000000, 0x00000006cd600000, 0x000000076ab00000)
  object space 219136K, 25% used [0x00000006c0000000,0x00000006c363ef40,0x00000006cd600000)
 Metaspace       used 6009K, capacity 7024K, committed 7296K, reserved 1056768K
  class space    used 573K, capacity 616K, committed 640K, reserved 1048576K
Event: 12.035 GC heap after
Heap after GC invocations=11 (full 3):
 PSYoungGen      total 95744K, used 5101K [0x000000076ab00000, 0x000000077a300000, 0x00000007c0000000)
  eden space 90624K, 0% used [0x000000076ab00000,0x000000076ab00000,0x0000000770380000)
  from space 5120K, 99% used [0x0000000773000000,0x00000007734fb688,0x0000000773500000)
  to   space 45568K, 0% used [0x0000000770380000,0x0000000770380000,0x0000000773000000)
 ParOldGen       total 219136K, used 73419K [0x00000006c0000000, 0x00000006cd600000, 0x000000076ab00000)
  object space 219136K, 33% used [0x00000006c0000000,0x00000006c47b2f88,0x00000006cd600000)
 Metaspace       used 6009K, capacity 7024K, committed 7296K, reserved 1056768K
  class space    used 573K, capacity 616K, committed 640K, reserved 1048576K
}
Event: 14.464 GC heap before
{Heap before GC invocations=12 (full 3):
 PSYoungGen      total 95744K, used 95725K [0x000000076ab00000, 0x000000077a300000, 0x00000007c0000000)
  eden space 90624K, 100% used [0x000000076ab00000,0x0000000770380000,0x0000000770380000)
  from space 5120K, 99% used [0x0000000773000000,0x00000007734fb688,0x0000000773500000)
  to   space 45568K, 0% used [0x0000000770380000,0x0000000770380000,0x0000000773000000)
 ParOldGen       total 219136K, used 73419K [0x00000006c0000000, 0x00000006cd600000, 0x000000076ab00000)
  object space 219136K, 33% used [0x00000006c0000000,0x00000006c47b2f88,0x00000006cd600000)
 Metaspace       used 6018K, capacity 7024K, committed 7296K, reserved 1056768K
  class space    used 573K, capacity 616K, committed 640K, reserved 1048576K
Event: 14.931 GC heap after
Heap after GC invocations=12 (full 3):
 PSYoungGen      total 136192K, used 22221K [0x000000076ab00000, 0x0000000776980000, 0x00000007c0000000)
  eden space 90624K, 0% used [0x000000076ab00000,0x000000076ab00000,0x0000000770380000)
  from space 45568K, 48% used [0x0000000770380000,0x0000000771933458,0x0000000773000000)
  to   space 44032K, 0% used [0x0000000773e80000,0x0000000773e80000,0x0000000776980000)
 ParOldGen       total 219136K, used 73419K [0x00000006c0000000, 0x00000006cd600000, 0x000000076ab00000)
  object space 219136K, 33% used [0x00000006c0000000,0x00000006c47b2f88,0x00000006cd600000)
 Metaspace       used 6018K, capacity 7024K, committed 7296K, reserved 1056768K
  class space    used 573K, capacity 616K, committed 640K, reserved 1048576K
}
Event: 15.748 GC heap before
{Heap before GC invocations=13 (full 3):
 PSYoungGen      total 136192K, used 112845K [0x000000076ab00000, 0x0000000776980000, 0x00000007c0000000)
  eden space 90624K, 100% used [0x000000076ab00000,0x0000000770380000,0x0000000770380000)
  from space 45568K, 48% used [0x0000000770380000,0x0000000771933458,0x0000000773000000)
  to   space 44032K, 0% used [0x0000000773e80000,0x0000000773e80000,0x0000000776980000)
 ParOldGen       total 219136K, used 73419K [0x00000006c0000000, 0x00000006cd600000, 0x000000076ab00000)
  object space 219136K, 33% used [0x00000006c0000000,0x00000006c47b2f88,0x00000006cd600000)
 Metaspace       used 6023K, capacity 7024K, committed 7296K, reserved 1056768K
  class space    used 573K, capacity 616K, committed 640K, reserved 1048576K
Event: 15.952 GC heap after
Heap after GC invocations=13 (full 3):
 PSYoungGen      total 152064K, used 26431K [0x000000076ab00000, 0x0000000776900000, 0x00000007c0000000)
  eden space 108544K, 0% used [0x000000076ab00000,0x000000076ab00000,0x0000000771500000)
  from space 43520K, 60% used [0x0000000773e80000,0x000000077584fe60,0x0000000776900000)
  to   space 42496K, 0% used [0x0000000771500000,0x0000000771500000,0x0000000773e80000)
 ParOldGen       total 219136K, used 73427K [0x00000006c0000000, 0x00000006cd600000, 0x000000076ab00000)
  object space 219136K, 33% used [0x00000006c0000000,0x00000006c47b4f88,0x00000006cd600000)
 Metaspace       used 6023K, capacity 7024K, committed 7296K, reserved 1056768K
  class space    used 573K, capacity 616K, committed 640K, reserved 1048576K
}
Event: 17.021 GC heap before
{Heap before GC invocations=14 (full 3):
 PSYoungGen      total 152064K, used 134975K [0x000000076ab00000, 0x0000000776900000, 0x00000007c0000000)
  eden space 108544K, 100% used [0x000000076ab00000,0x0000000771500000,0x0000000771500000)
  from space 43520K, 60% used [0x0000000773e80000,0x000000077584fe60,0x0000000776900000)
  to   space 42496K, 0% used [0x0000000771500000,0x0000000771500000,0x0000000773e80000)
 ParOldGen       total 219136K, used 73427K [0x00000006c0000000, 0x00000006cd600000, 0x000000076ab00000)
  object space 219136K, 33% used [0x00000006c0000000,0x00000006c47b4f88,0x00000006cd600000)
 Metaspace       used 6070K, capacity 7088K, committed 7296K, reserved 1056768K
  class space    used 573K, capacity 616K, committed 640K, reserved 1048576K
Event: 17.458 GC heap after
Heap after GC invocations=14 (full 3):
 PSYoungGen      total 151040K, used 37408K [0x000000076ab00000, 0x0000000778900000, 0x00000007c0000000)
  eden space 108544K, 0% used [0x000000076ab00000,0x000000076ab00000,0x0000000771500000)
  from space 42496K, 88% used [0x0000000771500000,0x0000000773988278,0x0000000773e80000)
  to   space 45568K, 0% used [0x0000000775c80000,0x0000000775c80000,0x0000000778900000)
 ParOldGen       total 219136K, used 73427K [0x00000006c0000000, 0x00000006cd600000, 0x000000076ab00000)
  object space 219136K, 33% used [0x00000006c0000000,0x00000006c47b4f88,0x00000006cd600000)
 Metaspace       used 6070K, capacity 7088K, committed 7296K, reserved 1056768K
  class space    used 573K, capacity 616K, committed 640K, reserved 1048576K
}
Event: 18.344 GC heap before
{Heap before GC invocations=15 (full 3):
 PSYoungGen      total 151040K, used 145952K [0x000000076ab00000, 0x0000000778900000, 0x00000007c0000000)
  eden space 108544K, 100% used [0x000000076ab00000,0x0000000771500000,0x0000000771500000)
  from space 42496K, 88% used [0x0000000771500000,0x0000000773988278,0x0000000773e80000)
  to   space 45568K, 0% used [0x0000000775c80000,0x0000000775c80000,0x0000000778900000)
 ParOldGen       total 219136K, used 73427K [0x00000006c0000000, 0x00000006cd600000, 0x000000076ab00000)
  object space 219136K, 33% used [0x00000006c0000000,0x00000006c47b4f88,0x00000006cd600000)
 Metaspace       used 6182K, capacity 7088K, committed 7296K, reserved 1056768K
  class space    used 592K, capacity 616K, committed 640K, reserved 1048576K
Event: 18.403 GC heap after
Heap after GC invocations=15 (full 3):
 PSYoungGen      total 176640K, used 44598K [0x000000076ab00000, 0x0000000779000000, 0x00000007c0000000)
  eden space 131072K, 0% used [0x000000076ab00000,0x000000076ab00000,0x0000000772b00000)
  from space 45568K, 97% used [0x0000000775c80000,0x000000077880db60,0x0000000778900000)
  to   space 50688K, 0% used [0x0000000772b00000,0x0000000772b00000,0x0000000775c80000)
 ParOldGen       total 219136K, used 73427K [0x00000006c0000000, 0x00000006cd600000, 0x000000076ab00000)
  object space 219136K, 33% used [0x00000006c0000000,0x00000006c47b4f88,0x00000006cd600000)
 Metaspace       used 6182K, capacity 7088K, committed 7296K, reserved 1056768K
  class space    used 592K, capacity 616K, committed 640K, reserved 1048576K
}

