# JRE version: OpenJDK Runtime Environment (8.0_152-b01) (build 1.8.0_152-release-915-b01)
# Java VM: OpenJDK 64-Bit Server VM (25.152-b01 mixed mode windows-amd64 compressed oops)
Heap:
 PSYoungGen      total 340480K, used 318597K [0x000000076ab00000, 0x0000000783d00000, 0x00000007c0000000)
  eden space 269312K, 91% used [0x000000076ab00000,0x0000000779ca67e0,0x000000077b200000)
  from space 71168K, 99% used [0x000000077b200000,0x000000077f77af70,0x000000077f780000)
  to   space 61952K, 0% used [0x000000077f780000,0x000000077f780000,0x0000000783400000)
 ParOldGen       total 177664K, used 93235K [0x00000006c0000000, 0x00000006cad80000, 0x000000076ab00000)
  object space 177664K, 52% used [0x00000006c0000000,0x00000006c5b0cfe8,0x00000006cad80000)
 Metaspace       used 6228K, capacity 7152K, committed 7296K, reserved 1056768K
  class space    used 596K, capacity 616K, committed 640K, reserved 1048576K
GC Heap History (10 events):
Event: 9.493 GC heap before
{Heap before GC invocations=7 (full 2):
 PSYoungGen      total 136192K, used 5120K [0x000000076ab00000, 0x000000077e180000, 0x00000007c0000000)
  eden space 131072K, 0% used [0x000000076ab00000,0x000000076ab00000,0x0000000772b00000)
  from space 5120K, 100% used [0x0000000772b00000,0x0000000773000000,0x0000000773000000)
  to   space 54784K, 0% used [0x000000077ac00000,0x000000077ac00000,0x000000077e180000)
 ParOldGen       total 141312K, used 96139K [0x00000006c0000000, 0x00000006c8a00000, 0x000000076ab00000)
  object space 141312K, 68% used [0x00000006c0000000,0x00000006c5de2fc8,0x00000006c8a00000)
 Metaspace       used 5898K, capacity 6960K, committed 7040K, reserved 1056768K
  class space    used 573K, capacity 616K, committed 640K, reserved 1048576K
Event: 10.111 GC heap after
Heap after GC invocations=7 (full 2):
 PSYoungGen      total 136192K, used 0K [0x000000076ab00000, 0x000000077e180000, 0x00000007c0000000)
  eden space 131072K, 0% used [0x000000076ab00000,0x000000076ab00000,0x0000000772b00000)
  from space 5120K, 0% used [0x0000000772b00000,0x0000000772b00000,0x0000000773000000)
  to   space 54784K, 0% used [0x000000077ac00000,0x000000077ac00000,0x000000077e180000)
 ParOldGen       total 177664K, used 58339K [0x00000006c0000000, 0x00000006cad80000, 0x000000076ab00000)
  object space 177664K, 32% used [0x00000006c0000000,0x00000006c38f8f90,0x00000006cad80000)
 Metaspace       used 5898K, capacity 6960K, committed 7040K, reserved 1056768K
  class space    used 573K, capacity 616K, committed 640K, reserved 1048576K
}
Event: 11.255 GC heap before
{Heap before GC invocations=8 (full 2):
 PSYoungGen      total 136192K, used 131072K [0x000000076ab00000, 0x000000077e180000, 0x00000007c0000000)
  eden space 131072K, 100% used [0x000000076ab00000,0x0000000772b00000,0x0000000772b00000)
  from space 5120K, 0% used [0x0000000772b00000,0x0000000772b00000,0x0000000773000000)
  to   space 54784K, 0% used [0x000000077ac00000,0x000000077ac00000,0x000000077e180000)
 ParOldGen       total 177664K, used 58339K [0x00000006c0000000, 0x00000006cad80000, 0x000000076ab00000)
  object space 177664K, 32% used [0x00000006c0000000,0x00000006c38f8f90,0x00000006cad80000)
 Metaspace       used 6002K, capacity 7024K, committed 7296K, reserved 1056768K
  class space    used 574K, capacity 616K, committed 640K, reserved 1048576K
Event: 11.405 GC heap after
Heap after GC invocations=8 (full 2):
 PSYoungGen      total 233472K, used 36190K [0x000000076ab00000, 0x000000077d300000, 0x00000007c0000000)
  eden space 193536K, 0% used [0x000000076ab00000,0x000000076ab00000,0x0000000776800000)
  from space 39936K, 90% used [0x000000077ac00000,0x000000077cf57be8,0x000000077d300000)
  to   space 54784K, 0% used [0x0000000776800000,0x0000000776800000,0x0000000779d80000)
 ParOldGen       total 177664K, used 58347K [0x00000006c0000000, 0x00000006cad80000, 0x000000076ab00000)
  object space 177664K, 32% used [0x00000006c0000000,0x00000006c38faf90,0x00000006cad80000)
 Metaspace       used 6002K, capacity 7024K, committed 7296K, reserved 1056768K
  class space    used 574K, capacity 616K, committed 640K, reserved 1048576K
}
Event: 12.261 GC heap before
{Heap before GC invocations=9 (full 2):
 PSYoungGen      total 233472K, used 229726K [0x000000076ab00000, 0x000000077d300000, 0x00000007c0000000)
  eden space 193536K, 100% used [0x000000076ab00000,0x0000000776800000,0x0000000776800000)
  from space 39936K, 90% used [0x000000077ac00000,0x000000077cf57be8,0x000000077d300000)
  to   space 54784K, 0% used [0x0000000776800000,0x0000000776800000,0x0000000779d80000)
 ParOldGen       total 177664K, used 58347K [0x00000006c0000000, 0x00000006cad80000, 0x000000076ab00000)
  object space 177664K, 32% used [0x00000006c0000000,0x00000006c38faf90,0x00000006cad80000)
 Metaspace       used 6017K, capacity 7024K, committed 7296K, reserved 1056768K
  class space    used 574K, capacity 616K, committed 640K, reserved 1048576K
Event: 12.348 GC heap after
Heap after GC invocations=9 (full 2):
 PSYoungGen      total 248320K, used 51655K [0x000000076ab00000, 0x0000000783400000, 0x00000007c0000000)
  eden space 193536K, 0% used [0x000000076ab00000,0x000000076ab00000,0x0000000776800000)
  from space 54784K, 94% used [0x0000000776800000,0x0000000779a71fa0,0x0000000779d80000)
  to   space 61952K, 0% used [0x000000077f780000,0x000000077f780000,0x0000000783400000)
 ParOldGen       total 177664K, used 58355K [0x00000006c0000000, 0x00000006cad80000, 0x000000076ab00000)
  object space 177664K, 32% used [0x00000006c0000000,0x00000006c38fcf90,0x00000006cad80000)
 Metaspace       used 6017K, capacity 7024K, committed 7296K, reserved 1056768K
  class space    used 574K, capacity 616K, committed 640K, reserved 1048576K
}
Event: 14.834 GC heap before
{Heap before GC invocations=10 (full 2):
 PSYoungGen      total 248320K, used 245191K [0x000000076ab00000, 0x0000000783400000, 0x00000007c0000000)
  eden space 193536K, 100% used [0x000000076ab00000,0x0000000776800000,0x0000000776800000)
  from space 54784K, 94% used [0x0000000776800000,0x0000000779a71fa0,0x0000000779d80000)
  to   space 61952K, 0% used [0x000000077f780000,0x000000077f780000,0x0000000783400000)
 ParOldGen       total 177664K, used 58355K [0x00000006c0000000, 0x00000006cad80000, 0x000000076ab00000)
  object space 177664K, 32% used [0x00000006c0000000,0x00000006c38fcf90,0x00000006cad80000)
 Metaspace       used 6055K, capacity 7088K, committed 7296K, reserved 1056768K
  class space    used 574K, capacity 616K, committed 640K, reserved 1048576K
Event: 14.972 GC heap after
Heap after GC invocations=10 (full 2):
 PSYoungGen      total 331264K, used 61931K [0x000000076ab00000, 0x0000000783d00000, 0x00000007c0000000)
  eden space 269312K, 0% used [0x000000076ab00000,0x000000076ab00000,0x000000077b200000)
  from space 61952K, 99% used [0x000000077f780000,0x00000007833fae30,0x0000000783400000)
  to   space 71168K, 0% used [0x000000077b200000,0x000000077b200000,0x000000077f780000)
 ParOldGen       total 177664K, used 58903K [0x00000006c0000000, 0x00000006cad80000, 0x000000076ab00000)
  object space 177664K, 33% used [0x00000006c0000000,0x00000006c3985c60,0x00000006cad80000)
 Metaspace       used 6055K, capacity 7088K, committed 7296K, reserved 1056768K
  class space    used 574K, capacity 616K, committed 640K, reserved 1048576K
}
Event: 16.314 GC heap before
{Heap before GC invocations=11 (full 2):
 PSYoungGen      total 331264K, used 331243K [0x000000076ab00000, 0x0000000783d00000, 0x00000007c0000000)
  eden space 269312K, 100% used [0x000000076ab00000,0x000000077b200000,0x000000077b200000)
  from space 61952K, 99% used [0x000000077f780000,0x00000007833fae30,0x0000000783400000)
  to   space 71168K, 0% used [0x000000077b200000,0x000000077b200000,0x000000077f780000)
 ParOldGen       total 177664K, used 58903K [0x00000006c0000000, 0x00000006cad80000, 0x000000076ab00000)
  object space 177664K, 33% used [0x00000006c0000000,0x00000006c3985c60,0x00000006cad80000)
 Metaspace       used 6093K, capacity 7088K, committed 7296K, reserved 1056768K
  class space    used 574K, capacity 616K, committed 640K, reserved 1048576K
Event: 16.746 GC heap after
Heap after GC invocations=11 (full 2):
 PSYoungGen      total 340480K, used 71147K [0x000000076ab00000, 0x0000000783d00000, 0x00000007c0000000)
  eden space 269312K, 0% used [0x000000076ab00000,0x000000076ab00000,0x000000077b200000)
  from space 71168K, 99% used [0x000000077b200000,0x000000077f77af70,0x000000077f780000)
  to   space 61952K, 0% used [0x000000077f780000,0x000000077f780000,0x0000000783400000)
 ParOldGen       total 177664K, used 93235K [0x00000006c0000000, 0x00000006cad80000, 0x000000076ab00000)
  object space 177664K, 52% used [0x00000006c0000000,0x00000006c5b0cfe8,0x00000006cad80000)
 Metaspace       used 6093K, capacity 7088K, committed 7296K, reserved 1056768K
  class space    used 574K, capacity 616K, committed 640K, reserved 1048576K
}

