# JRE version: OpenJDK Runtime Environment (8.0_152-b01) (build 1.8.0_152-release-915-b01)
# Java VM: OpenJDK 64-Bit Server VM (25.152-b01 mixed mode windows-amd64 compressed oops)
Heap:
 PSYoungGen      total 285696K, used 138899K [0x000000076ab00000, 0x000000077f900000, 0x00000007c0000000)
  eden space 253952K, 42% used [0x000000076ab00000,0x00000007713ace18,0x000000077a300000)
  from space 31744K, 99% used [0x000000077ca00000,0x000000077e8f81e0,0x000000077e900000)
  to   space 39936K, 0% used [0x000000077a300000,0x000000077a300000,0x000000077ca00000)
 ParOldGen       total 86016K, used 55568K [0x00000006c0000000, 0x00000006c5400000, 0x000000076ab00000)
  object space 86016K, 64% used [0x00000006c0000000,0x00000006c3644020,0x00000006c5400000)
 Metaspace       used 6692K, capacity 7478K, committed 7552K, reserved 1056768K
  class space    used 618K, capacity 622K, committed 640K, reserved 1048576K
GC Heap History (10 events):
Event: 10.736 GC heap before
{Heap before GC invocations=4 (full 0):
 PSYoungGen      total 70656K, used 70647K [0x000000076ab00000, 0x000000076f500000, 0x00000007c0000000)
  eden space 65536K, 100% used [0x000000076ab00000,0x000000076eb00000,0x000000076eb00000)
  from space 5120K, 99% used [0x000000076eb00000,0x000000076effdea8,0x000000076f000000)
  to   space 5120K, 0% used [0x000000076f000000,0x000000076f000000,0x000000076f500000)
 ParOldGen       total 86016K, used 13038K [0x00000006c0000000, 0x00000006c5400000, 0x000000076ab00000)
  object space 86016K, 15% used [0x00000006c0000000,0x00000006c0cbb9d8,0x00000006c5400000)
 Metaspace       used 6090K, capacity 7088K, committed 7296K, reserved 1056768K
  class space    used 578K, capacity 616K, committed 640K, reserved 1048576K
Event: 10.800 GC heap after
Heap after GC invocations=4 (full 0):
 PSYoungGen      total 70656K, used 5114K [0x000000076ab00000, 0x0000000773500000, 0x00000007c0000000)
  eden space 65536K, 0% used [0x000000076ab00000,0x000000076ab00000,0x000000076eb00000)
  from space 5120K, 99% used [0x000000076f000000,0x000000076f4feb40,0x000000076f500000)
  to   space 5120K, 0% used [0x000000076eb00000,0x000000076eb00000,0x000000076f000000)
 ParOldGen       total 86016K, used 22927K [0x00000006c0000000, 0x00000006c5400000, 0x000000076ab00000)
  object space 86016K, 26% used [0x00000006c0000000,0x00000006c1663f50,0x00000006c5400000)
 Metaspace       used 6090K, capacity 7088K, committed 7296K, reserved 1056768K
  class space    used 578K, capacity 616K, committed 640K, reserved 1048576K
}
Event: 11.869 GC heap before
{Heap before GC invocations=5 (full 0):
 PSYoungGen      total 70656K, used 70650K [0x000000076ab00000, 0x0000000773500000, 0x00000007c0000000)
  eden space 65536K, 100% used [0x000000076ab00000,0x000000076eb00000,0x000000076eb00000)
  from space 5120K, 99% used [0x000000076f000000,0x000000076f4feb40,0x000000076f500000)
  to   space 5120K, 0% used [0x000000076eb00000,0x000000076eb00000,0x000000076f000000)
 ParOldGen       total 86016K, used 22927K [0x00000006c0000000, 0x00000006c5400000, 0x000000076ab00000)
  object space 86016K, 26% used [0x00000006c0000000,0x00000006c1663f50,0x00000006c5400000)
 Metaspace       used 6094K, capacity 7088K, committed 7296K, reserved 1056768K
  class space    used 578K, capacity 616K, committed 640K, reserved 1048576K
Event: 11.987 GC heap after
Heap after GC invocations=5 (full 0):
 PSYoungGen      total 70656K, used 5119K [0x000000076ab00000, 0x0000000776200000, 0x00000007c0000000)
  eden space 65536K, 0% used [0x000000076ab00000,0x000000076ab00000,0x000000076eb00000)
  from space 5120K, 99% used [0x000000076eb00000,0x000000076efffd48,0x000000076f000000)
  to   space 28160K, 0% used [0x0000000774680000,0x0000000774680000,0x0000000776200000)
 ParOldGen       total 86016K, used 44265K [0x00000006c0000000, 0x00000006c5400000, 0x000000076ab00000)
  object space 86016K, 51% used [0x00000006c0000000,0x00000006c2b3a708,0x00000006c5400000)
 Metaspace       used 6094K, capacity 7088K, committed 7296K, reserved 1056768K
  class space    used 578K, capacity 616K, committed 640K, reserved 1048576K
}
Event: 13.464 GC heap before
{Heap before GC invocations=6 (full 0):
 PSYoungGen      total 70656K, used 70655K [0x000000076ab00000, 0x0000000776200000, 0x00000007c0000000)
  eden space 65536K, 100% used [0x000000076ab00000,0x000000076eb00000,0x000000076eb00000)
  from space 5120K, 99% used [0x000000076eb00000,0x000000076efffd48,0x000000076f000000)
  to   space 28160K, 0% used [0x0000000774680000,0x0000000774680000,0x0000000776200000)
 ParOldGen       total 86016K, used 44265K [0x00000006c0000000, 0x00000006c5400000, 0x000000076ab00000)
  object space 86016K, 51% used [0x00000006c0000000,0x00000006c2b3a708,0x00000006c5400000)
 Metaspace       used 6118K, capacity 7152K, committed 7296K, reserved 1056768K
  class space    used 578K, capacity 616K, committed 640K, reserved 1048576K
Event: 13.981 GC heap after
Heap after GC invocations=6 (full 0):
 PSYoungGen      total 154112K, used 13684K [0x000000076ab00000, 0x0000000775d00000, 0x00000007c0000000)
  eden space 131072K, 0% used [0x000000076ab00000,0x000000076ab00000,0x0000000772b00000)
  from space 23040K, 59% used [0x0000000774680000,0x00000007753dd078,0x0000000775d00000)
  to   space 25600K, 0% used [0x0000000772b00000,0x0000000772b00000,0x0000000774400000)
 ParOldGen       total 86016K, used 44265K [0x00000006c0000000, 0x00000006c5400000, 0x000000076ab00000)
  object space 86016K, 51% used [0x00000006c0000000,0x00000006c2b3a708,0x00000006c5400000)
 Metaspace       used 6118K, capacity 7152K, committed 7296K, reserved 1056768K
  class space    used 578K, capacity 616K, committed 640K, reserved 1048576K
}
Event: 15.466 GC heap before
{Heap before GC invocations=7 (full 0):
 PSYoungGen      total 154112K, used 144756K [0x000000076ab00000, 0x0000000775d00000, 0x00000007c0000000)
  eden space 131072K, 100% used [0x000000076ab00000,0x0000000772b00000,0x0000000772b00000)
  from space 23040K, 59% used [0x0000000774680000,0x00000007753dd078,0x0000000775d00000)
  to   space 25600K, 0% used [0x0000000772b00000,0x0000000772b00000,0x0000000774400000)
 ParOldGen       total 86016K, used 44265K [0x00000006c0000000, 0x00000006c5400000, 0x000000076ab00000)
  object space 86016K, 51% used [0x00000006c0000000,0x00000006c2b3a708,0x00000006c5400000)
 Metaspace       used 6132K, capacity 7152K, committed 7296K, reserved 1056768K
  class space    used 578K, capacity 616K, committed 640K, reserved 1048576K
Event: 15.723 GC heap after
Heap after GC invocations=7 (full 0):
 PSYoungGen      total 156672K, used 25582K [0x000000076ab00000, 0x000000077e900000, 0x00000007c0000000)
  eden space 131072K, 0% used [0x000000076ab00000,0x000000076ab00000,0x0000000772b00000)
  from space 25600K, 99% used [0x0000000772b00000,0x00000007743fb860,0x0000000774400000)
  to   space 31744K, 0% used [0x000000077ca00000,0x000000077ca00000,0x000000077e900000)
 ParOldGen       total 86016K, used 48076K [0x00000006c0000000, 0x00000006c5400000, 0x000000076ab00000)
  object space 86016K, 55% used [0x00000006c0000000,0x00000006c2ef32b8,0x00000006c5400000)
 Metaspace       used 6132K, capacity 7152K, committed 7296K, reserved 1056768K
  class space    used 578K, capacity 616K, committed 640K, reserved 1048576K
}
Event: 18.434 GC heap before
{Heap before GC invocations=8 (full 0):
 PSYoungGen      total 156672K, used 156654K [0x000000076ab00000, 0x000000077e900000, 0x00000007c0000000)
  eden space 131072K, 100% used [0x000000076ab00000,0x0000000772b00000,0x0000000772b00000)
  from space 25600K, 99% used [0x0000000772b00000,0x00000007743fb860,0x0000000774400000)
  to   space 31744K, 0% used [0x000000077ca00000,0x000000077ca00000,0x000000077e900000)
 ParOldGen       total 86016K, used 48076K [0x00000006c0000000, 0x00000006c5400000, 0x000000076ab00000)
  object space 86016K, 55% used [0x00000006c0000000,0x00000006c2ef32b8,0x00000006c5400000)
 Metaspace       used 6255K, capacity 7152K, committed 7296K, reserved 1056768K
  class space    used 597K, capacity 616K, committed 640K, reserved 1048576K
Event: 18.504 GC heap after
Heap after GC invocations=8 (full 0):
 PSYoungGen      total 285696K, used 31712K [0x000000076ab00000, 0x000000077f900000, 0x00000007c0000000)
  eden space 253952K, 0% used [0x000000076ab00000,0x000000076ab00000,0x000000077a300000)
  from space 31744K, 99% used [0x000000077ca00000,0x000000077e8f81e0,0x000000077e900000)
  to   space 39936K, 0% used [0x000000077a300000,0x000000077a300000,0x000000077ca00000)
 ParOldGen       total 86016K, used 55568K [0x00000006c0000000, 0x00000006c5400000, 0x000000076ab00000)
  object space 86016K, 64% used [0x00000006c0000000,0x00000006c3644020,0x00000006c5400000)
 Metaspace       used 6255K, capacity 7152K, committed 7296K, reserved 1056768K
  class space    used 597K, capacity 616K, committed 640K, reserved 1048576K
}

