# JRE version: OpenJDK Runtime Environment (8.0_152-b01) (build 1.8.0_152-release-915-b01)
# Java VM: OpenJDK 64-Bit Server VM (25.152-b01 mixed mode windows-amd64 compressed oops)
Heap:
 PSYoungGen      total 247296K, used 69546K [0x000000076ab00000, 0x000000077dd80000, 0x00000007c0000000)
  eden space 230912K, 23% used [0x000000076ab00000,0x000000076df268c0,0x0000000778c80000)
  from space 16384K, 98% used [0x000000077cd80000,0x000000077dd44060,0x000000077dd80000)
  to   space 34304K, 0% used [0x0000000779a80000,0x0000000779a80000,0x000000077bc00000)
 ParOldGen       total 110080K, used 40861K [0x00000006c0000000, 0x00000006c6b80000, 0x000000076ab00000)
  object space 110080K, 37% used [0x00000006c0000000,0x00000006c27e7608,0x00000006c6b80000)
 Metaspace       used 5857K, capacity 6960K, committed 7040K, reserved 1056768K
  class space    used 567K, capacity 616K, committed 640K, reserved 1048576K
GC Heap History (10 events):
Event: 3.226 GC heap before
{Heap before GC invocations=3 (full 0):
 PSYoungGen      total 70656K, used 70634K [0x000000076ab00000, 0x000000076f500000, 0x00000007c0000000)
  eden space 65536K, 100% used [0x000000076ab00000,0x000000076eb00000,0x000000076eb00000)
  from space 5120K, 99% used [0x000000076f000000,0x000000076f4fa930,0x000000076f500000)
  to   space 5120K, 0% used [0x000000076eb00000,0x000000076eb00000,0x000000076f000000)
 ParOldGen       total 86016K, used 25608K [0x00000006c0000000, 0x00000006c5400000, 0x000000076ab00000)
  object space 86016K, 29% used [0x00000006c0000000,0x00000006c19023e0,0x00000006c5400000)
 Metaspace       used 5722K, capacity 6832K, committed 7040K, reserved 1056768K
  class space    used 567K, capacity 616K, committed 640K, reserved 1048576K
Event: 3.716 GC heap after
Heap after GC invocations=3 (full 0):
 PSYoungGen      total 70656K, used 5102K [0x000000076ab00000, 0x0000000773500000, 0x00000007c0000000)
  eden space 65536K, 0% used [0x000000076ab00000,0x000000076ab00000,0x000000076eb00000)
  from space 5120K, 99% used [0x000000076eb00000,0x000000076effb978,0x000000076f000000)
  to   space 5120K, 0% used [0x0000000773000000,0x0000000773000000,0x0000000773500000)
 ParOldGen       total 86016K, used 44723K [0x00000006c0000000, 0x00000006c5400000, 0x000000076ab00000)
  object space 86016K, 51% used [0x00000006c0000000,0x00000006c2bacf40,0x00000006c5400000)
 Metaspace       used 5722K, capacity 6832K, committed 7040K, reserved 1056768K
  class space    used 567K, capacity 616K, committed 640K, reserved 1048576K
}
Event: 4.138 GC heap before
{Heap before GC invocations=4 (full 0):
 PSYoungGen      total 70656K, used 70638K [0x000000076ab00000, 0x0000000773500000, 0x00000007c0000000)
  eden space 65536K, 100% used [0x000000076ab00000,0x000000076eb00000,0x000000076eb00000)
  from space 5120K, 99% used [0x000000076eb00000,0x000000076effb978,0x000000076f000000)
  to   space 5120K, 0% used [0x0000000773000000,0x0000000773000000,0x0000000773500000)
 ParOldGen       total 86016K, used 44723K [0x00000006c0000000, 0x00000006c5400000, 0x000000076ab00000)
  object space 86016K, 51% used [0x00000006c0000000,0x00000006c2bacf40,0x00000006c5400000)
 Metaspace       used 5765K, capacity 6832K, committed 7040K, reserved 1056768K
  class space    used 567K, capacity 616K, committed 640K, reserved 1048576K
Event: 4.437 GC heap after
Heap after GC invocations=4 (full 0):
 PSYoungGen      total 136192K, used 5108K [0x000000076ab00000, 0x0000000773500000, 0x00000007c0000000)
  eden space 131072K, 0% used [0x000000076ab00000,0x000000076ab00000,0x0000000772b00000)
  from space 5120K, 99% used [0x0000000773000000,0x00000007734fd2a0,0x0000000773500000)
  to   space 5120K, 0% used [0x0000000772b00000,0x0000000772b00000,0x0000000773000000)
 ParOldGen       total 86016K, used 54680K [0x00000006c0000000, 0x00000006c5400000, 0x000000076ab00000)
  object space 86016K, 63% used [0x00000006c0000000,0x00000006c3566138,0x00000006c5400000)
 Metaspace       used 5765K, capacity 6832K, committed 7040K, reserved 1056768K
  class space    used 567K, capacity 616K, committed 640K, reserved 1048576K
}
Event: 5.331 GC heap before
{Heap before GC invocations=5 (full 0):
 PSYoungGen      total 136192K, used 136180K [0x000000076ab00000, 0x0000000773500000, 0x00000007c0000000)
  eden space 131072K, 100% used [0x000000076ab00000,0x0000000772b00000,0x0000000772b00000)
  from space 5120K, 99% used [0x0000000773000000,0x00000007734fd2a0,0x0000000773500000)
  to   space 5120K, 0% used [0x0000000772b00000,0x0000000772b00000,0x0000000773000000)
 ParOldGen       total 86016K, used 54680K [0x00000006c0000000, 0x00000006c5400000, 0x000000076ab00000)
  object space 86016K, 63% used [0x00000006c0000000,0x00000006c3566138,0x00000006c5400000)
 Metaspace       used 5817K, capacity 6896K, committed 7040K, reserved 1056768K
  class space    used 567K, capacity 616K, committed 640K, reserved 1048576K
Event: 5.500 GC heap after
Heap after GC invocations=5 (full 0):
 PSYoungGen      total 136192K, used 5089K [0x000000076ab00000, 0x000000077f000000, 0x00000007c0000000)
  eden space 131072K, 0% used [0x000000076ab00000,0x000000076ab00000,0x0000000772b00000)
  from space 5120K, 99% used [0x0000000772b00000,0x0000000772ff8648,0x0000000773000000)
  to   space 35328K, 0% used [0x000000077cd80000,0x000000077cd80000,0x000000077f000000)
 ParOldGen       total 86016K, used 79618K [0x00000006c0000000, 0x00000006c5400000, 0x000000076ab00000)
  object space 86016K, 92% used [0x00000006c0000000,0x00000006c4dc0b88,0x00000006c5400000)
 Metaspace       used 5817K, capacity 6896K, committed 7040K, reserved 1056768K
  class space    used 567K, capacity 616K, committed 640K, reserved 1048576K
}
Event: 5.500 GC heap before
{Heap before GC invocations=6 (full 1):
 PSYoungGen      total 136192K, used 5089K [0x000000076ab00000, 0x000000077f000000, 0x00000007c0000000)
  eden space 131072K, 0% used [0x000000076ab00000,0x000000076ab00000,0x0000000772b00000)
  from space 5120K, 99% used [0x0000000772b00000,0x0000000772ff8648,0x0000000773000000)
  to   space 35328K, 0% used [0x000000077cd80000,0x000000077cd80000,0x000000077f000000)
 ParOldGen       total 86016K, used 79618K [0x00000006c0000000, 0x00000006c5400000, 0x000000076ab00000)
  object space 86016K, 92% used [0x00000006c0000000,0x00000006c4dc0b88,0x00000006c5400000)
 Metaspace       used 5817K, capacity 6896K, committed 7040K, reserved 1056768K
  class space    used 567K, capacity 616K, committed 640K, reserved 1048576K
Event: 5.910 GC heap after
Heap after GC invocations=6 (full 1):
 PSYoungGen      total 136192K, used 0K [0x000000076ab00000, 0x000000077f000000, 0x00000007c0000000)
  eden space 131072K, 0% used [0x000000076ab00000,0x000000076ab00000,0x0000000772b00000)
  from space 5120K, 0% used [0x0000000772b00000,0x0000000772b00000,0x0000000773000000)
  to   space 35328K, 0% used [0x000000077cd80000,0x000000077cd80000,0x000000077f000000)
 ParOldGen       total 110080K, used 40861K [0x00000006c0000000, 0x00000006c6b80000, 0x000000076ab00000)
  object space 110080K, 37% used [0x00000006c0000000,0x00000006c27e7608,0x00000006c6b80000)
 Metaspace       used 5817K, capacity 6896K, committed 7040K, reserved 1056768K
  class space    used 567K, capacity 616K, committed 640K, reserved 1048576K
}
Event: 7.057 GC heap before
{Heap before GC invocations=7 (full 1):
 PSYoungGen      total 136192K, used 131072K [0x000000076ab00000, 0x000000077f000000, 0x00000007c0000000)
  eden space 131072K, 100% used [0x000000076ab00000,0x0000000772b00000,0x0000000772b00000)
  from space 5120K, 0% used [0x0000000772b00000,0x0000000772b00000,0x0000000773000000)
  to   space 35328K, 0% used [0x000000077cd80000,0x000000077cd80000,0x000000077f000000)
 ParOldGen       total 110080K, used 40861K [0x00000006c0000000, 0x00000006c6b80000, 0x000000076ab00000)
  object space 110080K, 37% used [0x00000006c0000000,0x00000006c27e7608,0x00000006c6b80000)
 Metaspace       used 5856K, capacity 6960K, committed 7040K, reserved 1056768K
  class space    used 567K, capacity 616K, committed 640K, reserved 1048576K
Event: 7.091 GC heap after
Heap after GC invocations=7 (full 1):
 PSYoungGen      total 247296K, used 16144K [0x000000076ab00000, 0x000000077dd80000, 0x00000007c0000000)
  eden space 230912K, 0% used [0x000000076ab00000,0x000000076ab00000,0x0000000778c80000)
  from space 16384K, 98% used [0x000000077cd80000,0x000000077dd44060,0x000000077dd80000)
  to   space 34304K, 0% used [0x0000000779a80000,0x0000000779a80000,0x000000077bc00000)
 ParOldGen       total 110080K, used 40861K [0x00000006c0000000, 0x00000006c6b80000, 0x000000076ab00000)
  object space 110080K, 37% used [0x00000006c0000000,0x00000006c27e7608,0x00000006c6b80000)
 Metaspace       used 5856K, capacity 6960K, committed 7040K, reserved 1056768K
  class space    used 567K, capacity 616K, committed 640K, reserved 1048576K
}

