# JRE version: OpenJDK Runtime Environment (8.0_152-b01) (build 1.8.0_152-release-915-b01)
# Java VM: OpenJDK 64-Bit Server VM (25.152-b01 mixed mode windows-amd64 compressed oops)
Heap:
 PSYoungGen      total 102912K, used 36282K [0x000000076ab00000, 0x000000077bf80000, 0x00000007c0000000)
  eden space 97792K, 31% used [0x000000076ab00000,0x000000076c9756f8,0x0000000770a80000)
  from space 5120K, 99% used [0x0000000773000000,0x00000007734f9158,0x0000000773500000)
  to   space 38400K, 0% used [0x0000000770a80000,0x0000000770a80000,0x0000000773000000)
 ParOldGen       total 130560K, used 93337K [0x00000006c0000000, 0x00000006c7f80000, 0x000000076ab00000)
  object space 130560K, 71% used [0x00000006c0000000,0x00000006c5b26660,0x00000006c7f80000)
 Metaspace       used 5984K, capacity 7024K, committed 7296K, reserved 1056768K
  class space    used 573K, capacity 616K, committed 640K, reserved 1048576K
GC Heap History (10 events):
Event: 1.295 GC heap before
{Heap before GC invocations=3 (full 0):
 PSYoungGen      total 70656K, used 70633K [0x000000076ab00000, 0x000000076f500000, 0x00000007c0000000)
  eden space 65536K, 100% used [0x000000076ab00000,0x000000076eb00000,0x000000076eb00000)
  from space 5120K, 99% used [0x000000076f000000,0x000000076f4fa450,0x000000076f500000)
  to   space 5120K, 0% used [0x000000076eb00000,0x000000076eb00000,0x000000076f000000)
 ParOldGen       total 86016K, used 21721K [0x00000006c0000000, 0x00000006c5400000, 0x000000076ab00000)
  object space 86016K, 25% used [0x00000006c0000000,0x00000006c15366b8,0x00000006c5400000)
 Metaspace       used 5781K, capacity 6896K, committed 7040K, reserved 1056768K
  class space    used 570K, capacity 616K, committed 640K, reserved 1048576K
Event: 1.353 GC heap after
Heap after GC invocations=3 (full 0):
 PSYoungGen      total 70656K, used 5092K [0x000000076ab00000, 0x0000000773500000, 0x00000007c0000000)
  eden space 65536K, 0% used [0x000000076ab00000,0x000000076ab00000,0x000000076eb00000)
  from space 5120K, 99% used [0x000000076eb00000,0x000000076eff90e0,0x000000076f000000)
  to   space 5120K, 0% used [0x0000000773000000,0x0000000773000000,0x0000000773500000)
 ParOldGen       total 86016K, used 50581K [0x00000006c0000000, 0x00000006c5400000, 0x000000076ab00000)
  object space 86016K, 58% used [0x00000006c0000000,0x00000006c31657d0,0x00000006c5400000)
 Metaspace       used 5781K, capacity 6896K, committed 7040K, reserved 1056768K
  class space    used 570K, capacity 616K, committed 640K, reserved 1048576K
}
Event: 1.565 GC heap before
{Heap before GC invocations=4 (full 0):
 PSYoungGen      total 70656K, used 70628K [0x000000076ab00000, 0x0000000773500000, 0x00000007c0000000)
  eden space 65536K, 100% used [0x000000076ab00000,0x000000076eb00000,0x000000076eb00000)
  from space 5120K, 99% used [0x000000076eb00000,0x000000076eff90e0,0x000000076f000000)
  to   space 5120K, 0% used [0x0000000773000000,0x0000000773000000,0x0000000773500000)
 ParOldGen       total 86016K, used 50581K [0x00000006c0000000, 0x00000006c5400000, 0x000000076ab00000)
  object space 86016K, 58% used [0x00000006c0000000,0x00000006c31657d0,0x00000006c5400000)
 Metaspace       used 5794K, capacity 6896K, committed 7040K, reserved 1056768K
  class space    used 570K, capacity 616K, committed 640K, reserved 1048576K
Event: 1.613 GC heap after
Heap after GC invocations=4 (full 0):
 PSYoungGen      total 136192K, used 5109K [0x000000076ab00000, 0x0000000773500000, 0x00000007c0000000)
  eden space 131072K, 0% used [0x000000076ab00000,0x000000076ab00000,0x0000000772b00000)
  from space 5120K, 99% used [0x0000000773000000,0x00000007734fd630,0x0000000773500000)
  to   space 5120K, 0% used [0x0000000772b00000,0x0000000772b00000,0x0000000773000000)
 ParOldGen       total 86016K, used 76251K [0x00000006c0000000, 0x00000006c5400000, 0x000000076ab00000)
  object space 86016K, 88% used [0x00000006c0000000,0x00000006c4a76e28,0x00000006c5400000)
 Metaspace       used 5794K, capacity 6896K, committed 7040K, reserved 1056768K
  class space    used 570K, capacity 616K, committed 640K, reserved 1048576K
}
Event: 1.613 GC heap before
{Heap before GC invocations=5 (full 1):
 PSYoungGen      total 136192K, used 5109K [0x000000076ab00000, 0x0000000773500000, 0x00000007c0000000)
  eden space 131072K, 0% used [0x000000076ab00000,0x000000076ab00000,0x0000000772b00000)
  from space 5120K, 99% used [0x0000000773000000,0x00000007734fd630,0x0000000773500000)
  to   space 5120K, 0% used [0x0000000772b00000,0x0000000772b00000,0x0000000773000000)
 ParOldGen       total 86016K, used 76251K [0x00000006c0000000, 0x00000006c5400000, 0x000000076ab00000)
  object space 86016K, 88% used [0x00000006c0000000,0x00000006c4a76e28,0x00000006c5400000)
 Metaspace       used 5794K, capacity 6896K, committed 7040K, reserved 1056768K
  class space    used 570K, capacity 616K, committed 640K, reserved 1048576K
Event: 1.784 GC heap after
Heap after GC invocations=5 (full 1):
 PSYoungGen      total 136192K, used 0K [0x000000076ab00000, 0x0000000773500000, 0x00000007c0000000)
  eden space 131072K, 0% used [0x000000076ab00000,0x000000076ab00000,0x0000000772b00000)
  from space 5120K, 0% used [0x0000000773000000,0x0000000773000000,0x0000000773500000)
  to   space 5120K, 0% used [0x0000000772b00000,0x0000000772b00000,0x0000000773000000)
 ParOldGen       total 130560K, used 50060K [0x00000006c0000000, 0x00000006c7f80000, 0x000000076ab00000)
  object space 130560K, 38% used [0x00000006c0000000,0x00000006c30e31f8,0x00000006c7f80000)
 Metaspace       used 5794K, capacity 6896K, committed 7040K, reserved 1056768K
  class space    used 570K, capacity 616K, committed 640K, reserved 1048576K
}
Event: 2.248 GC heap before
{Heap before GC invocations=6 (full 1):
 PSYoungGen      total 136192K, used 131072K [0x000000076ab00000, 0x0000000773500000, 0x00000007c0000000)
  eden space 131072K, 100% used [0x000000076ab00000,0x0000000772b00000,0x0000000772b00000)
  from space 5120K, 0% used [0x0000000773000000,0x0000000773000000,0x0000000773500000)
  to   space 5120K, 0% used [0x0000000772b00000,0x0000000772b00000,0x0000000773000000)
 ParOldGen       total 130560K, used 50060K [0x00000006c0000000, 0x00000006c7f80000, 0x000000076ab00000)
  object space 130560K, 38% used [0x00000006c0000000,0x00000006c30e31f8,0x00000006c7f80000)
 Metaspace       used 5811K, capacity 6896K, committed 7040K, reserved 1056768K
  class space    used 570K, capacity 616K, committed 640K, reserved 1048576K
Event: 2.298 GC heap after
Heap after GC invocations=6 (full 1):
 PSYoungGen      total 136192K, used 5102K [0x000000076ab00000, 0x0000000773500000, 0x00000007c0000000)
  eden space 131072K, 0% used [0x000000076ab00000,0x000000076ab00000,0x0000000772b00000)
  from space 5120K, 99% used [0x0000000772b00000,0x0000000772ffb8e8,0x0000000773000000)
  to   space 5120K, 0% used [0x0000000773000000,0x0000000773000000,0x0000000773500000)
 ParOldGen       total 130560K, used 72995K [0x00000006c0000000, 0x00000006c7f80000, 0x000000076ab00000)
  object space 130560K, 55% used [0x00000006c0000000,0x00000006c4748c00,0x00000006c7f80000)
 Metaspace       used 5811K, capacity 6896K, committed 7040K, reserved 1056768K
  class space    used 570K, capacity 616K, committed 640K, reserved 1048576K
}
Event: 2.818 GC heap before
{Heap before GC invocations=7 (full 1):
 PSYoungGen      total 136192K, used 136174K [0x000000076ab00000, 0x0000000773500000, 0x00000007c0000000)
  eden space 131072K, 100% used [0x000000076ab00000,0x0000000772b00000,0x0000000772b00000)
  from space 5120K, 99% used [0x0000000772b00000,0x0000000772ffb8e8,0x0000000773000000)
  to   space 5120K, 0% used [0x0000000773000000,0x0000000773000000,0x0000000773500000)
 ParOldGen       total 130560K, used 72995K [0x00000006c0000000, 0x00000006c7f80000, 0x000000076ab00000)
  object space 130560K, 55% used [0x00000006c0000000,0x00000006c4748c00,0x00000006c7f80000)
 Metaspace       used 5931K, capacity 6960K, committed 7040K, reserved 1056768K
  class space    used 573K, capacity 616K, committed 640K, reserved 1048576K
Event: 2.842 GC heap after
Heap after GC invocations=7 (full 1):
 PSYoungGen      total 102912K, used 5092K [0x000000076ab00000, 0x000000077bf80000, 0x00000007c0000000)
  eden space 97792K, 0% used [0x000000076ab00000,0x000000076ab00000,0x0000000770a80000)
  from space 5120K, 99% used [0x0000000773000000,0x00000007734f9158,0x0000000773500000)
  to   space 38400K, 0% used [0x0000000770a80000,0x0000000770a80000,0x0000000773000000)
 ParOldGen       total 130560K, used 93337K [0x00000006c0000000, 0x00000006c7f80000, 0x000000076ab00000)
  object space 130560K, 71% used [0x00000006c0000000,0x00000006c5b26660,0x00000006c7f80000)
 Metaspace       used 5931K, capacity 6960K, committed 7040K, reserved 1056768K
  class space    used 573K, capacity 616K, committed 640K, reserved 1048576K
}

