# JRE version: OpenJDK Runtime Environment (8.0_152-b01) (build 1.8.0_152-release-915-b01)
# Java VM: OpenJDK 64-Bit Server VM (25.152-b01 mixed mode windows-amd64 compressed oops)
Heap:
 PSYoungGen      total 325632K, used 55831K [0x000000076ab00000, 0x0000000785b00000, 0x00000007c0000000)
  eden space 280064K, 3% used [0x000000076ab00000,0x000000076b54dd98,0x000000077bc80000)
  from space 45568K, 99% used [0x0000000782e80000,0x0000000785ab7f20,0x0000000785b00000)
  to   space 57856K, 0% used [0x000000077ea00000,0x000000077ea00000,0x0000000782280000)
 ParOldGen       total 171520K, used 107594K [0x00000006c0000000, 0x00000006ca780000, 0x000000076ab00000)
  object space 171520K, 62% used [0x00000006c0000000,0x00000006c69128b0,0x00000006ca780000)
 Metaspace       used 6275K, capacity 7216K, committed 7296K, reserved 1056768K
  class space    used 578K, capacity 616K, committed 640K, reserved 1048576K
GC Heap History (10 events):
Event: 22.384 GC heap before
{Heap before GC invocations=7 (full 0):
 PSYoungGen      total 114176K, used 114164K [0x000000076ab00000, 0x000000077e000000, 0x00000007c0000000)
  eden space 109056K, 100% used [0x000000076ab00000,0x0000000771580000,0x0000000771580000)
  from space 5120K, 99% used [0x0000000773000000,0x00000007734fd2a0,0x0000000773500000)
  to   space 27136K, 0% used [0x0000000771580000,0x0000000771580000,0x0000000773000000)
 ParOldGen       total 86016K, used 59545K [0x00000006c0000000, 0x00000006c5400000, 0x000000076ab00000)
  object space 86016K, 69% used [0x00000006c0000000,0x00000006c3a264b8,0x00000006c5400000)
 Metaspace       used 6217K, capacity 7152K, committed 7296K, reserved 1056768K
  class space    used 578K, capacity 616K, committed 640K, reserved 1048576K
Event: 22.429 GC heap after
Heap after GC invocations=7 (full 0):
 PSYoungGen      total 136192K, used 27121K [0x000000076ab00000, 0x000000077c000000, 0x00000007c0000000)
  eden space 109056K, 0% used [0x000000076ab00000,0x000000076ab00000,0x0000000771580000)
  from space 27136K, 99% used [0x0000000771580000,0x0000000772ffc738,0x0000000773000000)
  to   space 32768K, 0% used [0x000000077a000000,0x000000077a000000,0x000000077c000000)
 ParOldGen       total 86016K, used 61040K [0x00000006c0000000, 0x00000006c5400000, 0x000000076ab00000)
  object space 86016K, 70% used [0x00000006c0000000,0x00000006c3b9c168,0x00000006c5400000)
 Metaspace       used 6217K, capacity 7152K, committed 7296K, reserved 1056768K
  class space    used 578K, capacity 616K, committed 640K, reserved 1048576K
}
Event: 25.386 GC heap before
{Heap before GC invocations=8 (full 0):
 PSYoungGen      total 136192K, used 136177K [0x000000076ab00000, 0x000000077c000000, 0x00000007c0000000)
  eden space 109056K, 100% used [0x000000076ab00000,0x0000000771580000,0x0000000771580000)
  from space 27136K, 99% used [0x0000000771580000,0x0000000772ffc738,0x0000000773000000)
  to   space 32768K, 0% used [0x000000077a000000,0x000000077a000000,0x000000077c000000)
 ParOldGen       total 86016K, used 61040K [0x00000006c0000000, 0x00000006c5400000, 0x000000076ab00000)
  object space 86016K, 70% used [0x00000006c0000000,0x00000006c3b9c168,0x00000006c5400000)
 Metaspace       used 6251K, capacity 7216K, committed 7296K, reserved 1056768K
  class space    used 578K, capacity 616K, committed 640K, reserved 1048576K
Event: 25.549 GC heap after
Heap after GC invocations=8 (full 0):
 PSYoungGen      total 247808K, used 29243K [0x000000076ab00000, 0x000000077c600000, 0x00000007c0000000)
  eden space 215040K, 0% used [0x000000076ab00000,0x000000076ab00000,0x0000000777d00000)
  from space 32768K, 89% used [0x000000077a000000,0x000000077bc8ef10,0x000000077c000000)
  to   space 35840K, 0% used [0x0000000777d00000,0x0000000777d00000,0x000000077a000000)
 ParOldGen       total 86016K, used 62484K [0x00000006c0000000, 0x00000006c5400000, 0x000000076ab00000)
  object space 86016K, 72% used [0x00000006c0000000,0x00000006c3d05350,0x00000006c5400000)
 Metaspace       used 6251K, capacity 7216K, committed 7296K, reserved 1056768K
  class space    used 578K, capacity 616K, committed 640K, reserved 1048576K
}
Event: 31.383 GC heap before
{Heap before GC invocations=9 (full 0):
 PSYoungGen      total 247808K, used 244283K [0x000000076ab00000, 0x000000077c600000, 0x00000007c0000000)
  eden space 215040K, 100% used [0x000000076ab00000,0x0000000777d00000,0x0000000777d00000)
  from space 32768K, 89% used [0x000000077a000000,0x000000077bc8ef10,0x000000077c000000)
  to   space 35840K, 0% used [0x0000000777d00000,0x0000000777d00000,0x000000077a000000)
 ParOldGen       total 86016K, used 62484K [0x00000006c0000000, 0x00000006c5400000, 0x000000076ab00000)
  object space 86016K, 72% used [0x00000006c0000000,0x00000006c3d05350,0x00000006c5400000)
 Metaspace       used 6259K, capacity 7216K, committed 7296K, reserved 1056768K
  class space    used 578K, capacity 616K, committed 640K, reserved 1048576K
Event: 31.450 GC heap after
Heap after GC invocations=9 (full 0):
 PSYoungGen      total 250880K, used 35818K [0x000000076ab00000, 0x0000000786200000, 0x00000007c0000000)
  eden space 215040K, 0% used [0x000000076ab00000,0x000000076ab00000,0x0000000777d00000)
  from space 35840K, 99% used [0x0000000777d00000,0x0000000779ffabb0,0x000000077a000000)
  to   space 52736K, 0% used [0x0000000782e80000,0x0000000782e80000,0x0000000786200000)
 ParOldGen       total 91136K, used 90874K [0x00000006c0000000, 0x00000006c5900000, 0x000000076ab00000)
  object space 91136K, 99% used [0x00000006c0000000,0x00000006c58bea90,0x00000006c5900000)
 Metaspace       used 6259K, capacity 7216K, committed 7296K, reserved 1056768K
  class space    used 578K, capacity 616K, committed 640K, reserved 1048576K
}
Event: 31.450 GC heap before
{Heap before GC invocations=10 (full 1):
 PSYoungGen      total 250880K, used 35818K [0x000000076ab00000, 0x0000000786200000, 0x00000007c0000000)
  eden space 215040K, 0% used [0x000000076ab00000,0x000000076ab00000,0x0000000777d00000)
  from space 35840K, 99% used [0x0000000777d00000,0x0000000779ffabb0,0x000000077a000000)
  to   space 52736K, 0% used [0x0000000782e80000,0x0000000782e80000,0x0000000786200000)
 ParOldGen       total 91136K, used 90874K [0x00000006c0000000, 0x00000006c5900000, 0x000000076ab00000)
  object space 91136K, 99% used [0x00000006c0000000,0x00000006c58bea90,0x00000006c5900000)
 Metaspace       used 6259K, capacity 7216K, committed 7296K, reserved 1056768K
  class space    used 578K, capacity 616K, committed 640K, reserved 1048576K
Event: 32.856 GC heap after
Heap after GC invocations=10 (full 1):
 PSYoungGen      total 250880K, used 32620K [0x000000076ab00000, 0x0000000786200000, 0x00000007c0000000)
  eden space 215040K, 0% used [0x000000076ab00000,0x000000076ab00000,0x0000000777d00000)
  from space 35840K, 91% used [0x0000000777d00000,0x0000000779cdb290,0x000000077a000000)
  to   space 52736K, 0% used [0x0000000782e80000,0x0000000782e80000,0x0000000786200000)
 ParOldGen       total 171520K, used 90691K [0x00000006c0000000, 0x00000006ca780000, 0x000000076ab00000)
  object space 171520K, 52% used [0x00000006c0000000,0x00000006c5890e20,0x00000006ca780000)
 Metaspace       used 6259K, capacity 7216K, committed 7296K, reserved 1056768K
  class space    used 578K, capacity 616K, committed 640K, reserved 1048576K
}
Event: 38.079 GC heap before
{Heap before GC invocations=11 (full 1):
 PSYoungGen      total 250880K, used 247660K [0x000000076ab00000, 0x0000000786200000, 0x00000007c0000000)
  eden space 215040K, 100% used [0x000000076ab00000,0x0000000777d00000,0x0000000777d00000)
  from space 35840K, 91% used [0x0000000777d00000,0x0000000779cdb290,0x000000077a000000)
  to   space 52736K, 0% used [0x0000000782e80000,0x0000000782e80000,0x0000000786200000)
 ParOldGen       total 171520K, used 90691K [0x00000006c0000000, 0x00000006ca780000, 0x000000076ab00000)
  object space 171520K, 52% used [0x00000006c0000000,0x00000006c5890e20,0x00000006ca780000)
 Metaspace       used 6264K, capacity 7216K, committed 7296K, reserved 1056768K
  class space    used 578K, capacity 616K, committed 640K, reserved 1048576K
Event: 38.614 GC heap after
Heap after GC invocations=11 (full 1):
 PSYoungGen      total 325632K, used 45279K [0x000000076ab00000, 0x0000000785b00000, 0x00000007c0000000)
  eden space 280064K, 0% used [0x000000076ab00000,0x000000076ab00000,0x000000077bc80000)
  from space 45568K, 99% used [0x0000000782e80000,0x0000000785ab7f20,0x0000000785b00000)
  to   space 57856K, 0% used [0x000000077ea00000,0x000000077ea00000,0x0000000782280000)
 ParOldGen       total 171520K, used 107594K [0x00000006c0000000, 0x00000006ca780000, 0x000000076ab00000)
  object space 171520K, 62% used [0x00000006c0000000,0x00000006c69128b0,0x00000006ca780000)
 Metaspace       used 6264K, capacity 7216K, committed 7296K, reserved 1056768K
  class space    used 578K, capacity 616K, committed 640K, reserved 1048576K
}

